[2020-11-27 17:24:37,008 INFO root] Taurus CLI Tool v1.15.1
[2020-11-27 17:24:37,009 DEBUG root] Build: 13973 Fri Oct 30 09:16:46 UTC 2020
[2020-11-27 17:24:37,009 DEBUG root] Extended git info:  3fecb4b9 Release 1.15.1 (#1420)
[2020-11-27 17:24:37,009 DEBUG root] Command-line options: {'log': 'C:\\Users\\ABDULW~1\\AppData\\Local\\Temp\\bzt_ub1r_qyx.log', 'option': None, 'quiet': None, 'verbose': None, 'no_system_configs': None, 'aliases': ['report']}
[2020-11-27 17:24:37,009 DEBUG root] Python: CPython 3.7.5
[2020-11-27 17:24:37,010 DEBUG root] OS: uname_result(system='Windows', node='DESKTOP-BS6CLSR', release='10', version='10.0.18362', machine='AMD64', processor='Intel64 Family 6 Model 142 Stepping 12, GenuineIntel')
[2020-11-27 17:24:37,018 INFO root] Starting with configs: ['gatling-req-jmeter.yml']
[2020-11-27 17:24:37,019 DEBUG root] Using personal config: C:\Users\ABDULWASIU-MORONKOLA\.bzt-rc
[2020-11-27 17:24:37,019 INFO Engine] Configuring...
[2020-11-27 17:24:37,059 DEBUG Engine] Base configs list: ['C:\\Users\\ABDULWASIU-MORONKOLA\\AppData\\Local\\Taurus\\pkgs\\bzt\\resources/10-base-config.yml']
[2020-11-27 17:24:37,059 DEBUG Engine.Configuration] Configs: ['C:\\Users\\ABDULWASIU-MORONKOLA\\AppData\\Local\\Taurus\\pkgs\\bzt\\resources/10-base-config.yml']
[2020-11-27 17:24:37,060 DEBUG Engine.Configuration] Reading C:\Users\ABDULWASIU-MORONKOLA\AppData\Local\Taurus\pkgs\bzt\resources/10-base-config.yml as YAML
[2020-11-27 17:24:37,076 DEBUG Engine] User configs list: ['C:\\Users\\ABDULWASIU-MORONKOLA\\.bzt-rc', 'gatling-req-jmeter.yml']
[2020-11-27 17:24:37,076 DEBUG Engine.Configuration] Configs: ['C:\\Users\\ABDULWASIU-MORONKOLA\\.bzt-rc', 'gatling-req-jmeter.yml']
[2020-11-27 17:24:37,077 DEBUG Engine.Configuration] Reading C:\Users\ABDULWASIU-MORONKOLA\.bzt-rc as YAML
[2020-11-27 17:24:37,079 DEBUG Engine.Configuration] Reading gatling-req-jmeter.yml as YAML
[2020-11-27 17:24:37,082 DEBUG Engine.Configuration] Configs: ['C:\\Users\\ABDULWASIU-MORONKOLA\\.bzt-rc', 'gatling-req-jmeter.yml']
[2020-11-27 17:24:37,083 DEBUG Engine.Configuration] Reading C:\Users\ABDULWASIU-MORONKOLA\.bzt-rc as YAML
[2020-11-27 17:24:37,085 DEBUG Engine.Configuration] Reading gatling-req-jmeter.yml as YAML
[2020-11-27 17:24:37,090 DEBUG Engine] Requesting updates info: https://gettaurus.org/updates/?version=1.15.1&installID=windows-105baddec616
[2020-11-27 17:24:37,091 INFO Engine] Artifacts dir: C:\Users\ABDULWASIU-MORONKOLA\IdeaProjects\systemspecs\gateway\src\main\resources\config\2020-11-27_17-24-37.091424
[2020-11-27 17:24:37,091 DEBUG HTTPClient] Making HTTP request GET https://gettaurus.org/updates/?version=1.15.1&installID=windows-105baddec616
[2020-11-27 17:24:37,093 DEBUG urllib3.connectionpool] Starting new HTTPS connection (1): gettaurus.org:443
[2020-11-27 17:24:37,095 DEBUG Engine] New artifact filename: C:\Users\ABDULWASIU-MORONKOLA\IdeaProjects\systemspecs\gateway\src\main\resources\config\2020-11-27_17-24-37.091424\effective
[2020-11-27 17:24:37,097 DEBUG Engine.Configuration] Dumping YAML config into C:\Users\ABDULWASIU-MORONKOLA\IdeaProjects\systemspecs\gateway\src\main\resources\config\2020-11-27_17-24-37.091424\effective.yml
[2020-11-27 17:24:37,112 DEBUG Engine.Configuration] Dumping JSON config into C:\Users\ABDULWASIU-MORONKOLA\IdeaProjects\systemspecs\gateway\src\main\resources\config\2020-11-27_17-24-37.091424\effective.json
[2020-11-27 17:24:37,115 DEBUG Engine] New artifact filename: C:\Users\ABDULWASIU-MORONKOLA\IdeaProjects\systemspecs\gateway\src\main\resources\config\2020-11-27_17-24-37.091424\merged.yml
[2020-11-27 17:24:37,115 DEBUG Engine.Configuration] Dumping YAML config into C:\Users\ABDULWASIU-MORONKOLA\IdeaProjects\systemspecs\gateway\src\main\resources\config\2020-11-27_17-24-37.091424\merged.yml
[2020-11-27 17:24:37,118 DEBUG Engine] New artifact filename: C:\Users\ABDULWASIU-MORONKOLA\IdeaProjects\systemspecs\gateway\src\main\resources\config\2020-11-27_17-24-37.091424\merged.json
[2020-11-27 17:24:37,119 DEBUG Engine.Configuration] Dumping JSON config into C:\Users\ABDULWASIU-MORONKOLA\IdeaProjects\systemspecs\gateway\src\main\resources\config\2020-11-27_17-24-37.091424\merged.json
[2020-11-27 17:24:37,120 DEBUG Engine] Add existing artifact (move=False): gatling-req-jmeter.yml
[2020-11-27 17:24:37,120 DEBUG Engine] Copying gatling-req-jmeter.yml to C:\Users\ABDULWASIU-MORONKOLA\IdeaProjects\systemspecs\gateway\src\main\resources\config\2020-11-27_17-24-37.091424\gatling-req-jmeter.yml
[2020-11-27 17:24:37,122 DEBUG Engine] Set PYTHONPATH to 'C:\Users\ABDULWASIU-MORONKOLA\.bzt\python-packages\3.7.5' + 'C:\Users\ABDULWASIU-MORONKOLA\IdeaProjects\systemspecs\gateway\src\main\resources\config\2020-11-27_17-24-37.091424\python-packages\3.7.5' + C:\Users\ABDULWASIU-MORONKOLA\AppData\Local\Taurus\pkgs;C:\Users\ABDULWASIU-MORONKOLA\AppData\Local\Taurus\pkgs;
[2020-11-27 17:24:37,123 DEBUG Engine] Content of user packages dir: %s
[2020-11-27 17:24:37,123 DEBUG Engine] OS env: OBJC_DISABLE_INITIALIZE_FORK_SAFETY=YES
[2020-11-27 17:24:37,123 DEBUG Engine] OS env: TAURUS_ARTIFACTS_DIR=C:\Users\ABDULWASIU-MORONKOLA\IdeaProjects\systemspecs\gateway\src\main\resources\config\2020-11-27_17-24-37.091424
[2020-11-27 17:24:37,123 DEBUG root] Closing log handler: C:\Users\ABDULW~1\AppData\Local\Temp\bzt_ub1r_qyx.log
[2020-11-27 17:24:37,125 DEBUG root] Switched writing logs to C:\Users\ABDULWASIU-MORONKOLA\IdeaProjects\systemspecs\gateway\src\main\resources\config\2020-11-27_17-24-37.091424\bzt.log
[2020-11-27 17:24:37,126 DEBUG root] Linting config
[2020-11-27 17:24:37,128 WARNING root] at path 'execution': 'execution' should be a list
[2020-11-27 17:24:37,128 INFO Engine] Preparing...
[2020-11-27 17:24:37,129 DEBUG Engine] Module config: consolidator {'class': 'bzt.modules.aggregator.ConsolidatingAggregator'}
[2020-11-27 17:24:37,129 DEBUG root] Importing module: bzt.modules.aggregator
[2020-11-27 17:24:37,243 DEBUG root] Loading class: 'ConsolidatingAggregator' from <module 'bzt.modules.aggregator' from 'C:\\Users\\ABDULWASIU-MORONKOLA\\AppData\\Local\\Taurus\\pkgs\\bzt\\modules\\aggregator.py'>
[2020-11-27 17:24:37,243 DEBUG Engine.consolidator] Buffer scaling setup: percentile 95.0 from [0.0, 50.0, 90.0, 95.0, 99.0, 99.9, 100.0] selected
[2020-11-27 17:24:37,243 DEBUG Engine] Module config: monitoring {'class': 'bzt.modules.monitoring.Monitoring'}
[2020-11-27 17:24:37,243 DEBUG root] Importing module: bzt.modules.monitoring
[2020-11-27 17:24:37,244 DEBUG root] Loading class: 'Monitoring' from <module 'bzt.modules.monitoring' from 'C:\\Users\\ABDULWASIU-MORONKOLA\\AppData\\Local\\Taurus\\pkgs\\bzt\\modules\\monitoring.py'>
[2020-11-27 17:24:37,244 DEBUG Engine] Module config: local {'class': 'bzt.modules.provisioning.Local'}
[2020-11-27 17:24:37,244 DEBUG root] Importing module: bzt.modules.provisioning
[2020-11-27 17:24:37,244 DEBUG root] Loading class: 'Local' from <module 'bzt.modules.provisioning' from 'C:\\Users\\ABDULWASIU-MORONKOLA\\AppData\\Local\\Taurus\\pkgs\\bzt\\modules\\provisioning.py'>
[2020-11-27 17:24:37,245 DEBUG Engine] Module config: jmeter {'class': 'bzt.modules.jmeter.JMeterExecutor', 'protocol-handlers': {'http': 'bzt.jmx.http.HTTPProtocolHandler'}, 'plugins': ['jpgc-casutg', 'jpgc-dummy', 'jpgc-ffw', 'jpgc-fifo', 'jpgc-functions', 'jpgc-json', 'jpgc-perfmon', 'jpgc-prmctl', 'jpgc-tst'], 'properties': {'jmeter.save.saveservice.autoflush': 'true', 'jmeter.save.saveservice.connect_time': 'true', 'jmeterengine.force.system.exit': 'true', 'summariser.name': ''}}
[2020-11-27 17:24:37,245 DEBUG root] Importing module: bzt.modules.jmeter
[2020-11-27 17:24:37,252 DEBUG root] Loading class: 'JMeterExecutor' from <module 'bzt.modules.jmeter' from 'C:\\Users\\ABDULWASIU-MORONKOLA\\AppData\\Local\\Taurus\\pkgs\\bzt\\modules\\jmeter.py'>
[2020-11-27 17:24:37,252 DEBUG Engine.local] Preparing executor: jmeter/2249943373064
[2020-11-27 17:24:37,252 DEBUG Engine] New artifact filename: C:\Users\ABDULWASIU-MORONKOLA\IdeaProjects\systemspecs\gateway\src\main\resources\config\2020-11-27_17-24-37.091424\jmeter.log
[2020-11-27 17:24:37,252 DEBUG Engine.jmeter] Checking if port 4445 is free
[2020-11-27 17:24:37,252 DEBUG Engine.jmeter] Port 4445 is free
[2020-11-27 17:24:37,252 DEBUG Engine.jmeter] Using port 4445 for management
[2020-11-27 17:24:37,252 DEBUG Engine] New artifact filename: C:\Users\ABDULWASIU-MORONKOLA\IdeaProjects\systemspecs\gateway\src\main\resources\config\2020-11-27_17-24-37.091424\requests.jmx
[2020-11-27 17:24:37,252 DEBUG root] Importing module: bzt.jmx.http
[2020-11-27 17:24:37,254 DEBUG root] Loading class: 'HTTPProtocolHandler' from <module 'bzt.jmx.http' from 'C:\\Users\\ABDULWASIU-MORONKOLA\\AppData\\Local\\Taurus\\pkgs\\bzt\\jmx\\http.py'>
[2020-11-27 17:24:37,255 DEBUG JMeterScenarioBuilder] Saving JMX to: C:\Users\ABDULWASIU-MORONKOLA\IdeaProjects\systemspecs\gateway\src\main\resources\config\2020-11-27_17-24-37.091424\requests.jmx
[2020-11-27 17:24:37,257 DEBUG Engine.jmeter] Additional system properties {'sun.net.inetaddr.ttl': 0}
[2020-11-27 17:24:37,257 DEBUG Engine] New artifact filename: C:\Users\ABDULWASIU-MORONKOLA\IdeaProjects\systemspecs\gateway\src\main\resources\config\2020-11-27_17-24-37.091424\system.properties
[2020-11-27 17:24:37,257 DEBUG Engine.jmeter] Additional properties: {'jmeter.save.saveservice.autoflush': 'true', 'jmeter.save.saveservice.connect_time': 'true', 'jmeterengine.force.system.exit': 'true', 'summariser.name': '', 'jmeterengine.nongui.port': 4445, 'jmeterengine.nongui.maxport': 4445, 'jmeter.save.saveservice.timestamp_format': 'ms', 'sampleresult.default.encoding': 'UTF-8', 'user.classpath': 'C:/Users/ABDULWASIU-MORONKOLA/IdeaProjects/systemspecs/gateway/src/main/resources/config/2020-11-27_17-24-37.091424;C:/Users/ABDULWASIU-MORONKOLA/IdeaProjects/systemspecs/gateway/src/main/resources/config/2020-11-27_17-24-37.091424'}
[2020-11-27 17:24:37,257 DEBUG Engine] New artifact filename: C:\Users\ABDULWASIU-MORONKOLA\IdeaProjects\systemspecs\gateway\src\main\resources\config\2020-11-27_17-24-37.091424\jmeter-bzt.properties
[2020-11-27 17:24:37,259 DEBUG Engine.jmeter.JavaVM] Trying JavaVM: ['java', '-version']
[2020-11-27 17:24:37,259 DEBUG root] Executing shell: ['java', '-version'] at .
[2020-11-27 17:24:37,345 DEBUG Engine.jmeter.JavaVM] JavaVM output: java version "1.8.0_271"
Java(TM) SE Runtime Environment (build 1.8.0_271-b09)
Java HotSpot(TM) 64-Bit Server VM (build 25.271-b09, mixed mode)

[2020-11-27 17:24:37,345 DEBUG Engine.jmeter.TclLibrary] Checking if TCL_LIBRARY variable is present in environment
[2020-11-27 17:24:37,345 DEBUG Engine.jmeter.TclLibrary] TCL_LIBRARY environment variable is present
[2020-11-27 17:24:37,345 DEBUG Engine.jmeter.JMeter] Trying JMeter..
[2020-11-27 17:24:37,346 DEBUG root] Executing shell: ['C:\\Users\\ABDULWASIU-MORONKOLA\\.bzt\\jmeter-taurus\\5.2.1\\bin\\jmeter.bat', '-j', 'C:\\Users\\ABDULW~1\\AppData\\Local\\Temp\\jmeter0hym7gozlog', '--version'] at .
[2020-11-27 17:24:38,493 DEBUG urllib3.connectionpool] https://gettaurus.org:443 "GET /updates/?version=1.15.1&installID=windows-105baddec616 HTTP/1.1" 200 40
[2020-11-27 17:24:38,494 DEBUG Engine] Taurus updates info: {'latest': '1.15.1', 'needsUpgrade': False}
[2020-11-27 17:24:38,494 DEBUG Engine] Installation is up-to-date
[2020-11-27 17:24:38,641 DEBUG Engine.jmeter.JMeter] JMeter check:     _    ____   _    ____ _   _ _____       _ __  __ _____ _____ _____ ____
   / \  |  _ \ / \  / ___| | | | ____|     | |  \/  | ____|_   _| ____|  _ \
  / _ \ | |_) / _ \| |   | |_| |  _|    _  | | |\/| |  _|   | | |  _| | |_) |
 / ___ \|  __/ ___ \ |___|  _  | |___  | |_| | |  | | |___  | | | |___|  _ <
/_/   \_\_| /_/   \_\____|_| |_|_____|  \___/|_|  |_|_____| |_| |_____|_| \_\ 5.2.1

Copyright (c) 1999-2019 The Apache Software Foundation

 / 
[2020-11-27 17:24:38,643 DEBUG Engine] New artifact filename: C:\Users\ABDULWASIU-MORONKOLA\IdeaProjects\systemspecs\gateway\src\main\resources\config\2020-11-27_17-24-37.091424\kpi.jtl
[2020-11-27 17:24:38,643 DEBUG Engine] New artifact filename: C:\Users\ABDULWASIU-MORONKOLA\IdeaProjects\systemspecs\gateway\src\main\resources\config\2020-11-27_17-24-37.091424\error.jtl
[2020-11-27 17:24:38,644 DEBUG Engine.jmeter.LoadSettingsProcessor] Load: LoadSpec(concurrency=10, throughput=None, ramp_up=30.0, hold=120.0, iterations=0, duration=150.0, steps=None)
[2020-11-27 17:24:38,645 DEBUG Engine.jmeter.LoadSettingsProcessor.ThreadGroupHandler] Converting ThreadGroup (registerdemo) to ConcurrencyThreadGroup and apply load parameters
[2020-11-27 17:24:38,645 DEBUG Engine] New artifact filename: C:\Users\ABDULWASIU-MORONKOLA\IdeaProjects\systemspecs\gateway\src\main\resources\config\2020-11-27_17-24-37.091424\modified_requests.jmx
[2020-11-27 17:24:38,645 DEBUG JMX] Saving JMX to: C:\Users\ABDULWASIU-MORONKOLA\IdeaProjects\systemspecs\gateway\src\main\resources\config\2020-11-27_17-24-37.091424\modified_requests.jmx
[2020-11-27 17:24:38,647 DEBUG root] Executing shell: ['C:\\Users\\ABDULWASIU-MORONKOLA\\.bzt\\jmeter-taurus\\5.2.1\\bin\\PluginsManagerCMD.bat', 'install-for-jmx', 'C:\\Users\\ABDULWASIU-MORONKOLA\\IdeaProjects\\systemspecs\\gateway\\src\\main\\resources\\config\\2020-11-27_17-24-37.091424\\modified_requests.jmx'] at .
[2020-11-27 17:24:41,609 DEBUG Engine.jmeter.JMeter] Try to detect plugins for C:\Users\ABDULWASIU-MORONKOLA\IdeaProjects\systemspecs\gateway\src\main\resources\config\2020-11-27_17-24-37.091424\modified_requests.jmx
2020-11-27 17:24:39,710 INFO o.j.r.PluginManagerCMD: Command is: install-for-jmx
2020-11-27 17:24:40,092 INFO o.j.r.JARSourceHTTP: Found cached repo
2020-11-27 17:24:40,241 INFO o.j.r.PluginManager: Plugins Status: [jpgc-functions=2.1, jpgc-casutg=2.9, jpgc-dummy=0.4, jpgc-ffw=2.0, jpgc-fifo=0.2, jpgc-json=2.7, jpgc-prmctl=0.4, jpgc-perfmon=2.1, jpgc-plugins-manager=1.3, jpgc-tst=2.5, jmeter-core=5.2.1, jmeter-ftp=5.2.1, jmeter-http=5.2.1, jmeter-jdbc=5.2.1, jmeter-jms=5.2.1, jmeter-junit=5.2.1, jmeter-java=5.2.1, jmeter-ldap=5.2.1, jmeter-mail=5.2.1, jmeter-mongodb=5.2.1, jmeter-native=5.2.1, jmeter-tcp=5.2.1, jmeter-components=5.2.1]
2020-11-27 17:24:40,243 INFO o.j.r.PluginManagerCMD: Params line is: C:\Users\ABDULWASIU-MORONKOLA\IdeaProjects\systemspecs\gateway\src\main\resources\config\2020-11-27_17-24-37.091424\modified_requests.jmx
2020-11-27 17:24:40,412 INFO o.a.j.s.SaveService: Testplan (JMX) version: 2.2. Testlog (JTL) version: 2.2
2020-11-27 17:24:40,418 INFO o.a.j.s.SaveService: Using SaveService properties file encoding UTF-8
2020-11-27 17:24:40,424 INFO o.a.j.s.SaveService: Using SaveService properties version 5.0
2020-11-27 17:24:40,452 INFO o.a.j.p.h.c.CacheManager: Will only cache the following methods: [GET]
2020-11-27 17:24:40,455 INFO o.a.j.p.h.c.CookieManager: Settings: Delete null: true Check: true Allow variable: true Save: false Prefix: COOKIE_
2020-11-27 17:24:40,522 INFO o.a.j.p.h.s.HTTPSamplerBase: Parser for text/html is org.apache.jmeter.protocol.http.parser.LagartoBasedHtmlParser
2020-11-27 17:24:40,522 INFO o.a.j.p.h.s.HTTPSamplerBase: Parser for application/xhtml+xml is org.apache.jmeter.protocol.http.parser.LagartoBasedHtmlParser
2020-11-27 17:24:40,522 INFO o.a.j.p.h.s.HTTPSamplerBase: Parser for application/xml is org.apache.jmeter.protocol.http.parser.LagartoBasedHtmlParser
2020-11-27 17:24:40,522 INFO o.a.j.p.h.s.HTTPSamplerBase: Parser for text/xml is org.apache.jmeter.protocol.http.parser.LagartoBasedHtmlParser
2020-11-27 17:24:40,523 INFO o.a.j.p.h.s.HTTPSamplerBase: Parser for text/vnd.wap.wml is org.apache.jmeter.protocol.http.parser.RegexpHTMLParser
2020-11-27 17:24:40,523 INFO o.a.j.p.h.s.HTTPSamplerBase: Parser for text/css is org.apache.jmeter.protocol.http.parser.CssParser
2020-11-27 17:24:40,557 INFO o.j.r.PluginManager: Finishing without changes


[2020-11-27 17:24:41,609 DEBUG Engine] New artifact filename: C:\Users\ABDULWASIU-MORONKOLA\IdeaProjects\systemspecs\gateway\src\main\resources\config\2020-11-27_17-24-37.091424\jmeter.out
[2020-11-27 17:24:41,609 DEBUG Engine] New artifact filename: C:\Users\ABDULWASIU-MORONKOLA\IdeaProjects\systemspecs\gateway\src\main\resources\config\2020-11-27_17-24-37.091424\jmeter.err
[2020-11-27 17:24:41,610 DEBUG Engine] Module config: final-stats {'class': 'bzt.modules.reporting.FinalStatus'}
[2020-11-27 17:24:41,610 DEBUG root] Importing module: bzt.modules.reporting
[2020-11-27 17:24:41,616 DEBUG root] Loading class: 'FinalStatus' from <module 'bzt.modules.reporting' from 'C:\\Users\\ABDULWASIU-MORONKOLA\\AppData\\Local\\Taurus\\pkgs\\bzt\\modules\\reporting.py'>
[2020-11-27 17:24:41,616 DEBUG Engine] Module config: console {'class': 'bzt.modules.console.ConsoleStatusReporter'}
[2020-11-27 17:24:41,616 DEBUG root] Importing module: bzt.modules.console
[2020-11-27 17:24:41,617 DEBUG root] Loading class: 'ConsoleStatusReporter' from <module 'bzt.modules.console' from 'C:\\Users\\ABDULWASIU-MORONKOLA\\AppData\\Local\\Taurus\\pkgs\\bzt\\modules\\console.py'>
[2020-11-27 17:24:41,617 DEBUG Engine] Module config: blazemeter {'class': 'bzt.modules.blazemeter.BlazeMeterUploader'}
[2020-11-27 17:24:41,617 DEBUG root] Importing module: bzt.modules.blazemeter
[2020-11-27 17:24:41,617 DEBUG root] Loading class: 'BlazeMeterUploader' from <module 'bzt.modules.blazemeter' from 'C:\\Users\\ABDULWASIU-MORONKOLA\\AppData\\Local\\Taurus\\pkgs\\bzt\\modules\\blazemeter.py'>
[2020-11-27 17:24:41,617 DEBUG Engine.console] Can't use 'console' screen, trying 'gui'
[2020-11-27 17:24:41,621 WARNING Engine.blazemeter] No BlazeMeter API key provided, will upload anonymously
[2020-11-27 17:24:41,622 DEBUG Engine.blazemeter] Installing http client
[2020-11-27 17:24:41,622 DEBUG User] Request: GET https://a.blazemeter.com/api/v4/web/version None
[2020-11-27 17:24:41,622 DEBUG HTTPClient] Making HTTP request GET https://a.blazemeter.com/api/v4/web/version
[2020-11-27 17:24:41,623 DEBUG urllib3.connectionpool] Starting new HTTPS connection (1): a.blazemeter.com:443
[2020-11-27 17:24:42,693 DEBUG urllib3.connectionpool] https://a.blazemeter.com:443 "GET /api/v4/web/version HTTP/1.1" 200 None
[2020-11-27 17:24:42,694 DEBUG User] Response [200]: {
    "api_version": 4,
    "error": null,
    "result": "BACKEND-CI/release-2020-11-10 12 release-2020-11-10 7c1043c5e2c1d16769a59263021ddef7f63220b7 Wed Nov 18 14:37:30 2020 +0100 7c1043c5e2c1d16769a59263021ddef7f63220b7\n",
    "request_id": "5fc1284b89
[2020-11-27 17:24:42,706 DEBUG Engine.Configuration] Dumping YAML config into C:\Users\ABDULWASIU-MORONKOLA\IdeaProjects\systemspecs\gateway\src\main\resources\config\2020-11-27_17-24-37.091424\effective.yml
[2020-11-27 17:24:42,724 DEBUG Engine.Configuration] Dumping JSON config into C:\Users\ABDULWASIU-MORONKOLA\IdeaProjects\systemspecs\gateway\src\main\resources\config\2020-11-27_17-24-37.091424\effective.json
[2020-11-27 17:24:42,727 INFO Engine] Starting...
[2020-11-27 17:24:42,727 DEBUG Engine] Startup <bzt.modules.monitoring.Monitoring object at 0x0000020BDA50ED48>
[2020-11-27 17:24:42,727 DEBUG Engine] Startup <bzt.modules.aggregator.ConsolidatingAggregator object at 0x0000020BA1658FC8>
[2020-11-27 17:24:42,727 DEBUG Engine] Startup <bzt.modules.reporting.FinalStatus object at 0x0000020BDB130888>
[2020-11-27 17:24:42,727 DEBUG Engine] Startup <bzt.modules.console.ConsoleStatusReporter object at 0x0000020BDB1B0C08>
[2020-11-27 17:24:42,728 INFO Engine.console] Waiting for results...
[2020-11-27 17:24:42,728 DEBUG Engine] Startup <bzt.modules.blazemeter.BlazeMeterUploader object at 0x0000020BDB1DBF08>
[2020-11-27 17:24:42,728 INFO Engine.blazemeter] Initiating data feeding...
[2020-11-27 17:24:42,729 DEBUG User] Request: POST https://a.blazemeter.com/api/v4/sessions None
[2020-11-27 17:24:42,729 DEBUG HTTPClient] Making HTTP request POST https://a.blazemeter.com/api/v4/sessions
[2020-11-27 17:24:43,255 DEBUG urllib3.connectionpool] https://a.blazemeter.com:443 "POST /api/v4/sessions HTTP/1.1" 201 3471
[2020-11-27 17:24:43,259 DEBUG User] Response [201]: {
    "api_version": 4,
    "error": null,
    "result": {
        "session": {
            "id": "r-ext-5fc1284bd6fc5",
            "name": "external",
            "userId": 386483,
            "publicToken": "30HWLTzNza1r3IzSLTx7ikF4RW44c9uT5YvJLrdHc67V9
[2020-11-27 17:24:43,261 INFO Engine.blazemeter] Started data feeding: https://a.blazemeter.com/app/?public-token=30HWLTzNza1r3IzSLTx7ikF4RW44c9uT5YvJLrdHc67V9STENj#reports/r-ext-5fc1284bd6fc5/summary
[2020-11-27 17:24:43,409 DEBUG Engine] Startup <bzt.modules.provisioning.Local object at 0x0000020BA22CA208>
[2020-11-27 17:24:43,409 DEBUG Engine.local] Delay setup for jmeter/registerdemo: 0(start-at) + 0(delay) = 0
[2020-11-27 17:24:43,410 DEBUG Engine.Configuration] Dumping YAML config into C:\Users\ABDULWASIU-MORONKOLA\IdeaProjects\systemspecs\gateway\src\main\resources\config\2020-11-27_17-24-37.091424\effective.yml
[2020-11-27 17:24:43,429 DEBUG Engine.Configuration] Dumping JSON config into C:\Users\ABDULWASIU-MORONKOLA\IdeaProjects\systemspecs\gateway\src\main\resources\config\2020-11-27_17-24-37.091424\effective.json
[2020-11-27 17:24:43,431 DEBUG root] Leveling down log file verbosity to INFO, use -v option to have DEBUG messages enabled
[2020-11-27 17:24:43,431 DEBUG root] Leveled up log file verbosity
[2020-11-27 17:24:43,431 DEBUG root] Executing shell: ['C:\\Users\\ABDULWASIU-MORONKOLA\\.bzt\\jmeter-taurus\\5.2.1\\bin\\jmeter.bat', '-t', 'C:\\Users\\ABDULWASIU-MORONKOLA\\IdeaProjects\\systemspecs\\gateway\\src\\main\\resources\\config\\2020-11-27_17-24-37.091424\\modified_requests.jmx', '-j', 'C:\\Users\\ABDULWASIU-MORONKOLA\\IdeaProjects\\systemspecs\\gateway\\src\\main\\resources\\config\\2020-11-27_17-24-37.091424\\jmeter.log', '-q', 'C:\\Users\\ABDULWASIU-MORONKOLA\\IdeaProjects\\systemspecs\\gateway\\src\\main\\resources\\config\\2020-11-27_17-24-37.091424\\jmeter-bzt.properties', '-n', '-S', 'C:\\Users\\ABDULWASIU-MORONKOLA\\IdeaProjects\\systemspecs\\gateway\\src\\main\\resources\\config\\2020-11-27_17-24-37.091424\\system.properties'] at C:\Users\ABDULWASIU-MORONKOLA\IdeaProjects\systemspecs\gateway\src\main\resources\config
[2020-11-27 17:24:43,438 DEBUG Engine.local] Starting execution: jmeter/registerdemo, rest of available slots: 9223372036854775806
[2020-11-27 17:24:43,438 DEBUG root] Leveling down log file verbosity to INFO, use -v option to have DEBUG messages enabled
[2020-11-27 17:24:43,684 INFO Engine.console] Did not mute console logging
[2020-11-27 17:24:43,830 INFO Engine.console] Waiting for finish...
[2020-11-27 17:27:19,551 WARNING Engine] Please wait for graceful shutdown...
[2020-11-27 17:27:19,552 DEBUG root] Leveled up log file verbosity
[2020-11-27 17:27:19,552 INFO Engine] Shutting down...
[2020-11-27 17:27:19,553 DEBUG Engine] Current stop reason: None
[2020-11-27 17:27:19,553 DEBUG Engine.local] Shutdown jmeter/registerdemo
[2020-11-27 17:27:19,687 DEBUG Engine.console] No logger_handler or orig_stream was detected
[2020-11-27 17:27:19,688 DEBUG Engine.Configuration] Dumping YAML config into C:\Users\ABDULWASIU-MORONKOLA\IdeaProjects\systemspecs\gateway\src\main\resources\config\2020-11-27_17-24-37.091424\effective.yml
[2020-11-27 17:27:19,704 DEBUG Engine.Configuration] Dumping JSON config into C:\Users\ABDULWASIU-MORONKOLA\IdeaProjects\systemspecs\gateway\src\main\resources\config\2020-11-27_17-24-37.091424\effective.json
[2020-11-27 17:27:19,706 INFO Engine] Post-processing...
[2020-11-27 17:27:19,707 DEBUG Engine.local] Post-process jmeter/registerdemo
[2020-11-27 17:27:19,707 DEBUG Engine] Add existing artifact (move=True): C:\Users\ABDULWASIU-MORONKOLA\IdeaProjects\systemspecs\gateway\src\main\resources\config\2020-11-27_17-24-37.091424\modified_requests.jmx
[2020-11-27 17:27:19,707 DEBUG Engine] No need to copy C:\Users\ABDULWASIU-MORONKOLA\IdeaProjects\systemspecs\gateway\src\main\resources\config\2020-11-27_17-24-37.091424\modified_requests.jmx
[2020-11-27 17:27:19,709 DEBUG Engine.jmeter.JTLReader] Buffer len: 1; Known errors count: 1
[2020-11-27 17:27:19,710 DEBUG Engine.jmeter.JTLReader] Aggregating: 0, 1 in buffer
[2020-11-27 17:27:19,723 DEBUG Engine.jmeter.JTLErrorsReader] Got error info for 0, labels: dict_keys([''])
[2020-11-27 17:27:19,723 WARNING Engine.jmeter.JTLReader] No details for errors of [empty], dropped info: [{'cnt': 685, 'msg': 'Non HTTP response message: unknown protocol: localhost', 'tag': None, 'rc': 'MalformedURLException', 'type': 0, 'urls': Counter()}]
[2020-11-27 17:27:19,730 DEBUG Engine.jmeter.JTLReader] Buffer len: 0; Known errors count: 1
[2020-11-27 17:27:19,730 DEBUG Engine.consolidator] Consolidator buffer[1]: dict_keys([0])
[2020-11-27 17:27:19,730 DEBUG Engine.consolidator] Merging into 0
[2020-11-27 17:27:19,730 DEBUG Engine.consolidator] Bypassing consolidation because of single result
[2020-11-27 17:27:19,732 DEBUG Engine.consolidator] Processed datapoint: 0/ConsolidatingAggregator@2248975683528
[2020-11-27 17:27:19,733 INFO Engine.final-stats] Test duration: 0:02:37
[2020-11-27 17:27:19,733 INFO Engine.final-stats] Samples count: 685, 100.00% failures
[2020-11-27 17:27:19,734 INFO Engine.final-stats] Average times: total 0.000, latency 0.000, connect 0.000
[2020-11-27 17:27:19,735 INFO Engine.final-stats] Percentiles:
+---------------+---------------+
| Percentile, % | Resp. Time, s |
+---------------+---------------+
|           0.0 |           0.0 |
|          50.0 |           0.0 |
|          90.0 |           0.0 |
|          95.0 |           0.0 |
|          99.0 |           0.0 |
|          99.9 |           0.0 |
|         100.0 |           0.0 |
+---------------+---------------+
[2020-11-27 17:27:19,736 INFO Engine.final-stats] Request label stats:
+---------+--------+-------+--------+--------------------------------------------------------+
| label   | status |  succ | avg_rt | error                                                  |
+---------+--------+-------+--------+--------------------------------------------------------+
| [empty] |  FAIL  | 0.00% |  0.000 | Non HTTP response message: unknown protocol: localhost |
+---------+--------+-------+--------+--------------------------------------------------------+
[2020-11-27 17:27:19,737 DEBUG Engine.console] No logger_handler or orig_stream was detected
[2020-11-27 17:27:19,737 DEBUG Engine.blazemeter] KPI bulk buffer len in post-proc: 1
[2020-11-27 17:27:19,737 INFO Engine.blazemeter] Sending remaining KPI data to server...
[2020-11-27 17:27:19,739 DEBUG User] Request: POST https://data.blazemeter.com/submit.php?session_id=r-ext-5fc1284bd6fc5&signature=ci1leHQtNWZjMTI4NGJkNmZjNToxNjA3NzAzODg0OmViNzhjN2Y0NzRjY2NkNzc3NTVmZGY1MzFhNzE4ZTI2Nzg4MDU2YWQyNDkwOWI3Zjk1MDdhNmU1ZTRlOTc1MWJlZTFjOGFlNjBmZDNlZmQwYTgxNWJiMDY2N2Q0OWJiNjdiYTlmNjNmMDlmMzBiZTI3YjNhN2VkMThmZDZlMzNh&test_id=8741121&user_id=386483&pq=0&target=labels_bulk&update=1 b'{\n "labels": [\n  {\n   "n": 685,\n   "name": "ALL",\n   "interval": 1,\n   "intervals": [\n    {\n     "ec": 685,\n     "ts": 0,\n     "na": 3,\n     "n": 685,\n     "failed": 685,\n     "rc": [\n      {\n       "n": 685,\n       "f": [],\n       "rc": "MalformedURLExcep'
[2020-11-27 17:27:19,739 DEBUG HTTPClient] Making HTTP request POST https://data.blazemeter.com/submit.php?session_id=r-ext-5fc1284bd6fc5&signature=ci1leHQtNWZjMTI4NGJkNmZjNToxNjA3NzAzODg0OmViNzhjN2Y0NzRjY2NkNzc3NTVmZGY1MzFhNzE4ZTI2Nzg4MDU2YWQyNDkwOWI3Zjk1MDdhNmU1ZTRlOTc1MWJlZTFjOGFlNjBmZDNlZmQwYTgxNWJiMDY2N2Q0OWJiNjdiYTlmNjNmMDlmMzBiZTI3YjNhN2VkMThmZDZlMzNh&test_id=8741121&user_id=386483&pq=0&target=labels_bulk&update=1
[2020-11-27 17:27:20,088 DEBUG urllib3.connectionpool] https://data.blazemeter.com:443 "POST /submit.php?session_id=r-ext-5fc1284bd6fc5&signature=ci1leHQtNWZjMTI4NGJkNmZjNToxNjA3NzAzODg0OmViNzhjN2Y0NzRjY2NkNzc3NTVmZGY1MzFhNzE4ZTI2Nzg4MDU2YWQyNDkwOWI3Zjk1MDdhNmU1ZTRlOTc1MWJlZTFjOGFlNjBmZDNlZmQwYTgxNWJiMDY2N2Q0OWJiNjdiYTlmNjNmMDlmMzBiZTI3YjNhN2VkMThmZDZlMzNh&test_id=8741121&user_id=386483&pq=0&target=labels_bulk&update=1 HTTP/1.1" 200 139
[2020-11-27 17:27:20,089 DEBUG User] Response [200]: {"api_version":2,"error":null,"result":{"session":{"_id":"r-ext-5fc1284bd6fc5","name":"external","statusCode":15,"status":"INITIALIZING"}}}
[2020-11-27 17:27:20,117 DEBUG User] Request: POST https://data.blazemeter.com/api/v4/image/r-ext-5fc1284bd6fc5/files?signature=ci1leHQtNWZjMTI4NGJkNmZjNToxNjA3NzAzODg0OmViNzhjN2Y0NzRjY2NkNzc3NTVmZGY1MzFhNzE4ZTI2Nzg4MDU2YWQyNDkwOWI3Zjk1MDdhNmU1ZTRlOTc1MWJlZTFjOGFlNjBmZDNlZmQwYTgxNWJiMDY2N2Q0OWJiNjdiYTlmNjNmMDlmMzBiZTI3YjNhN2VkMThmZDZlMzNh&masterId=32213243 b'--===============6893931921637005919==\r\nContent-Disposition: file; name="file"; filename="r-ext-5fc1284bd6fc5-0-c.monitoring.json"\r\nContent-Type: application/json\r\n\r\n{\n "reportInfo": {\n  "sessionId": "r-ext-5fc1284bd6fc5",\n  "timestamp": 1606494440.0950701'
[2020-11-27 17:27:20,117 DEBUG HTTPClient] Making HTTP request POST https://data.blazemeter.com/api/v4/image/r-ext-5fc1284bd6fc5/files?signature=ci1leHQtNWZjMTI4NGJkNmZjNToxNjA3NzAzODg0OmViNzhjN2Y0NzRjY2NkNzc3NTVmZGY1MzFhNzE4ZTI2Nzg4MDU2YWQyNDkwOWI3Zjk1MDdhNmU1ZTRlOTc1MWJlZTFjOGFlNjBmZDNlZmQwYTgxNWJiMDY2N2Q0OWJiNjdiYTlmNjNmMDlmMzBiZTI3YjNhN2VkMThmZDZlMzNh&masterId=32213243
[2020-11-27 17:27:21,033 DEBUG urllib3.connectionpool] https://data.blazemeter.com:443 "POST /api/v4/image/r-ext-5fc1284bd6fc5/files?signature=ci1leHQtNWZjMTI4NGJkNmZjNToxNjA3NzAzODg0OmViNzhjN2Y0NzRjY2NkNzc3NTVmZGY1MzFhNzE4ZTI2Nzg4MDU2YWQyNDkwOWI3Zjk1MDdhNmU1ZTRlOTc1MWJlZTFjOGFlNjBmZDNlZmQwYTgxNWJiMDY2N2Q0OWJiNjdiYTlmNjNmMDlmMzBiZTI3YjNhN2VkMThmZDZlMzNh&masterId=32213243 HTTP/1.1" 200 151
[2020-11-27 17:27:21,034 DEBUG User] Response [200]: {
    "api_version": 4,
    "error": null,
    "result": [
        "r-ext-5fc1284bd6fc5-0-c.monitoring.json"
    ],
    "request_id": "5fc128e9750c9"
}
[2020-11-27 17:27:21,035 DEBUG Engine.blazemeter] Set last check time to: 1606494281.6178834
[2020-11-27 17:27:21,035 INFO Engine.blazemeter] Ending data feeding...
[2020-11-27 17:27:21,036 DEBUG User] Request: POST https://a.blazemeter.com/api/v4/sessions/r-ext-5fc1284bd6fc5/terminate-external {
 "signature": "ci1leHQtNWZjMTI4NGJkNmZjNToxNjA3NzAzODg0OmViNzhjN2Y0NzRjY2NkNzc3NTVmZGY1MzFhNzE4ZTI2Nzg4MDU2YWQyNDkwOWI3Zjk1MDdhNmU1ZTRlOTc1MWJlZTFjOGFlNjBmZDNlZmQwYTgxNWJiMDY2N2Q0OWJiNjdiYTlmNjNmMDlmMzBiZTI3YjNhN2VkMThmZDZlMzNh",
 "testId": 8741121,
 "se
[2020-11-27 17:27:21,037 DEBUG HTTPClient] Making HTTP request POST https://a.blazemeter.com/api/v4/sessions/r-ext-5fc1284bd6fc5/terminate-external
[2020-11-27 17:27:21,040 DEBUG urllib3.connectionpool] Resetting dropped connection: a.blazemeter.com
[2020-11-27 17:27:22,486 DEBUG urllib3.connectionpool] https://a.blazemeter.com:443 "POST /api/v4/sessions/r-ext-5fc1284bd6fc5/terminate-external HTTP/1.1" 200 None
[2020-11-27 17:27:22,487 DEBUG User] Response [200]: {
    "api_version": 4,
    "error": null,
    "result": {
        "success": "Terminating",
        "session": {
            "id": "r-ext-5fc1284bd6fc5",
            "name": "external",
            "userId": 386483,
            "publicToken": "30HWLTzNza1
[2020-11-27 17:27:22,487 INFO Engine.blazemeter] Online report link: https://a.blazemeter.com/app/?public-token=30HWLTzNza1r3IzSLTx7ikF4RW44c9uT5YvJLrdHc67V9STENj#reports/r-ext-5fc1284bd6fc5/summary
[2020-11-27 17:27:22,490 DEBUG Engine.Configuration] Dumping YAML config into C:\Users\ABDULWASIU-MORONKOLA\IdeaProjects\systemspecs\gateway\src\main\resources\config\2020-11-27_17-24-37.091424\effective.yml
[2020-11-27 17:27:22,515 DEBUG Engine.Configuration] Dumping JSON config into C:\Users\ABDULWASIU-MORONKOLA\IdeaProjects\systemspecs\gateway\src\main\resources\config\2020-11-27_17-24-37.091424\effective.json
[2020-11-27 17:27:22,517 INFO root] Artifacts dir: C:\Users\ABDULWASIU-MORONKOLA\IdeaProjects\systemspecs\gateway\src\main\resources\config\2020-11-27_17-24-37.091424
[2020-11-27 17:27:22,519 INFO root] Done performing with code: 0
[2020-11-27 17:27:22,522 DEBUG root] Closing log handler: C:\Users\ABDULWASIU-MORONKOLA\IdeaProjects\systemspecs\gateway\src\main\resources\config\2020-11-27_17-24-37.091424\bzt.log
