2020-11-27 17:24:45,045 INFO o.a.j.u.JMeterUtils: Setting Locale to en_EN
2020-11-27 17:24:45,054 INFO o.a.j.JMeter: Loading user properties from: C:\Users\ABDULWASIU-MORONKOLA\.bzt\jmeter-taurus\5.2.1\bin\user.properties
2020-11-27 17:24:45,054 INFO o.a.j.JMeter: Loading system properties from: C:\Users\ABDULWASIU-MORONKOLA\.bzt\jmeter-taurus\5.2.1\bin\system.properties
2020-11-27 17:24:45,054 INFO o.a.j.JMeter: Loading additional properties from: C:\Users\ABDULWASIU-MORONKOLA\IdeaProjects\systemspecs\gateway\src\main\resources\config\2020-11-27_17-24-37.091424\jmeter-bzt.properties
2020-11-27 17:24:45,055 INFO o.a.j.JMeter: Setting System properties from file: C:\Users\ABDULWASIU-MORONKOLA\IdeaProjects\systemspecs\gateway\src\main\resources\config\2020-11-27_17-24-37.091424\system.properties
2020-11-27 17:24:45,056 INFO o.a.j.JMeter: Copyright (c) 1998-2019 The Apache Software Foundation
2020-11-27 17:24:45,056 INFO o.a.j.JMeter: Version 5.2.1
2020-11-27 17:24:45,056 INFO o.a.j.JMeter: java.version=1.8.0_271
2020-11-27 17:24:45,056 INFO o.a.j.JMeter: java.vm.name=Java HotSpot(TM) 64-Bit Server VM
2020-11-27 17:24:45,056 INFO o.a.j.JMeter: os.name=Windows 10
2020-11-27 17:24:45,056 INFO o.a.j.JMeter: os.arch=amd64
2020-11-27 17:24:45,056 INFO o.a.j.JMeter: os.version=10.0
2020-11-27 17:24:45,056 INFO o.a.j.JMeter: file.encoding=Cp1252
2020-11-27 17:24:45,057 INFO o.a.j.JMeter: java.awt.headless=true
2020-11-27 17:24:45,057 INFO o.a.j.JMeter: Max memory     =1073741824
2020-11-27 17:24:45,057 INFO o.a.j.JMeter: Available Processors =8
2020-11-27 17:24:45,060 INFO o.a.j.JMeter: Default Locale=English (EN)
2020-11-27 17:24:45,060 INFO o.a.j.JMeter: JMeter  Locale=English (EN)
2020-11-27 17:24:45,060 INFO o.a.j.JMeter: JMeterHome=C:\Users\ABDULWASIU-MORONKOLA\.bzt\jmeter-taurus\5.2.1
2020-11-27 17:24:45,060 INFO o.a.j.JMeter: user.dir  =C:\Users\ABDULWASIU-MORONKOLA\IdeaProjects\systemspecs\gateway\src\main\resources\config
2020-11-27 17:24:45,060 INFO o.a.j.JMeter: PWD       =C:\Users\ABDULWASIU-MORONKOLA\IdeaProjects\systemspecs\gateway\src\main\resources\config
2020-11-27 17:24:45,061 INFO o.a.j.JMeter: IP: 192.168.20.10 Name: DESKTOP-BS6CLSR FullName: DESKTOP-BS6CLSR
2020-11-27 17:24:45,061 INFO o.a.j.JMeter: user.classpath=C:/Users/ABDULWASIU-MORONKOLA/IdeaProjects/systemspecs/gateway/src/main/resources/config/2020-11-27_17-24-37.091424;C:/Users/ABDULWASIU-MORONKOLA/IdeaProjects/systemspecs/gateway/src/main/resources/config/2020-11-27_17-24-37.091424
2020-11-27 17:24:45,062 INFO o.a.j.JMeter: Adding to classpath and loader: C:/Users/ABDULWASIU-MORONKOLA/IdeaProjects/systemspecs/gateway/src/main/resources/config/2020-11-27_17-24-37.091424
2020-11-27 17:24:45,062 INFO o.a.j.JMeter: Adding to classpath and loader: C:/Users/ABDULWASIU-MORONKOLA/IdeaProjects/systemspecs/gateway/src/main/resources/config/2020-11-27_17-24-37.091424
2020-11-27 17:24:45,067 INFO o.a.j.s.FileServer: Default base='C:\Users\ABDULWASIU-MORONKOLA\IdeaProjects\systemspecs\gateway\src\main\resources\config'
2020-11-27 17:24:45,069 INFO o.a.j.s.FileServer: Set new base='C:\Users\ABDULWASIU-MORONKOLA\IdeaProjects\systemspecs\gateway\src\main\resources\config\2020-11-27_17-24-37.091424'
2020-11-27 17:24:45,162 INFO o.a.j.s.SaveService: Testplan (JMX) version: 2.2. Testlog (JTL) version: 2.2
2020-11-27 17:24:45,166 INFO o.a.j.s.SaveService: Using SaveService properties file encoding UTF-8
2020-11-27 17:24:45,171 INFO o.a.j.s.SaveService: Using SaveService properties version 5.0
2020-11-27 17:24:45,175 INFO o.a.j.s.SaveService: Loading file: C:\Users\ABDULWASIU-MORONKOLA\IdeaProjects\systemspecs\gateway\src\main\resources\config\2020-11-27_17-24-37.091424\modified_requests.jmx
2020-11-27 17:24:45,221 INFO o.a.j.p.h.c.CacheManager: Will only cache the following methods: [GET]
2020-11-27 17:24:45,224 INFO o.a.j.p.h.c.CookieManager: Settings: Delete null: true Check: true Allow variable: true Save: false Prefix: COOKIE_
2020-11-27 17:24:45,242 INFO o.a.j.p.h.s.HTTPSamplerBase: Parser for text/html is org.apache.jmeter.protocol.http.parser.LagartoBasedHtmlParser
2020-11-27 17:24:45,242 INFO o.a.j.p.h.s.HTTPSamplerBase: Parser for application/xhtml+xml is org.apache.jmeter.protocol.http.parser.LagartoBasedHtmlParser
2020-11-27 17:24:45,242 INFO o.a.j.p.h.s.HTTPSamplerBase: Parser for application/xml is org.apache.jmeter.protocol.http.parser.LagartoBasedHtmlParser
2020-11-27 17:24:45,242 INFO o.a.j.p.h.s.HTTPSamplerBase: Parser for text/xml is org.apache.jmeter.protocol.http.parser.LagartoBasedHtmlParser
2020-11-27 17:24:45,242 INFO o.a.j.p.h.s.HTTPSamplerBase: Parser for text/vnd.wap.wml is org.apache.jmeter.protocol.http.parser.RegexpHTMLParser
2020-11-27 17:24:45,242 INFO o.a.j.p.h.s.HTTPSamplerBase: Parser for text/css is org.apache.jmeter.protocol.http.parser.CssParser
2020-11-27 17:24:45,275 INFO o.a.j.e.StandardJMeterEngine: Running the test!
2020-11-27 17:24:45,277 INFO o.a.j.s.SampleEvent: List of sample_variables: []
2020-11-27 17:24:45,277 INFO o.a.j.s.SampleEvent: List of sample_variables: []
2020-11-27 17:24:45,285 INFO o.a.j.e.u.CompoundVariable: Note: Function class names must contain the string: '.functions.'
2020-11-27 17:24:45,285 INFO o.a.j.e.u.CompoundVariable: Note: Function class names must not contain the string: '.gui.'
2020-11-27 17:24:45,609 INFO o.a.j.JMeter: Running test (1606494285609)
2020-11-27 17:24:45,635 INFO o.a.j.e.StandardJMeterEngine: Starting ThreadGroup: 1 : registerdemo
2020-11-27 17:24:45,635 INFO o.a.j.e.StandardJMeterEngine: Starting 10 threads for group registerdemo.
2020-11-27 17:24:45,635 INFO o.a.j.e.StandardJMeterEngine: Thread will continue on error
2020-11-27 17:24:45,638 INFO o.a.j.e.StandardJMeterEngine: All thread groups have been started
2020-11-27 17:24:45,638 INFO c.b.j.t.c.ConcurrencyThreadStarter: Start supplying threads
2020-11-27 17:24:47,150 INFO o.a.j.s.SampleResult: Note: Sample TimeStamps are START times
2020-11-27 17:24:47,150 INFO o.a.j.s.SampleResult: sampleresult.default.encoding is set to UTF-8
2020-11-27 17:24:47,150 INFO o.a.j.s.SampleResult: sampleresult.useNanoTime=true
2020-11-27 17:24:47,150 INFO o.a.j.s.SampleResult: sampleresult.nanoThreadSleep=5000
2020-11-27 17:24:47,151 INFO o.a.j.t.JMeterThread: Thread started: registerdemo-ThreadStarter 1-1
2020-11-27 17:24:50,156 INFO o.a.j.t.JMeterThread: Thread started: registerdemo-ThreadStarter 1-2
2020-11-27 17:24:53,167 INFO o.a.j.t.JMeterThread: Thread started: registerdemo-ThreadStarter 1-3
2020-11-27 17:24:56,170 INFO o.a.j.t.JMeterThread: Thread started: registerdemo-ThreadStarter 1-4
2020-11-27 17:24:59,173 INFO o.a.j.t.JMeterThread: Thread started: registerdemo-ThreadStarter 1-5
2020-11-27 17:25:02,203 INFO o.a.j.t.JMeterThread: Thread started: registerdemo-ThreadStarter 1-6
2020-11-27 17:25:05,205 INFO o.a.j.t.JMeterThread: Thread started: registerdemo-ThreadStarter 1-7
2020-11-27 17:25:08,208 INFO o.a.j.t.JMeterThread: Thread started: registerdemo-ThreadStarter 1-8
2020-11-27 17:25:11,210 INFO o.a.j.t.JMeterThread: Thread started: registerdemo-ThreadStarter 1-9
2020-11-27 17:25:14,215 INFO o.a.j.t.JMeterThread: Thread started: registerdemo-ThreadStarter 1-10
2020-11-27 17:27:16,300 INFO c.b.j.t.c.ConcurrencyThreadStarter: Done supplying threads
2020-11-27 17:27:17,246 INFO o.a.j.t.JMeterThread: Thread is done: registerdemo-ThreadStarter 1-1
2020-11-27 17:27:17,246 INFO o.a.j.t.JMeterThread: Thread finished: registerdemo-ThreadStarter 1-1
2020-11-27 17:27:17,252 INFO o.a.j.t.JMeterThread: Thread is done: registerdemo-ThreadStarter 1-5
2020-11-27 17:27:17,252 INFO o.a.j.t.JMeterThread: Thread finished: registerdemo-ThreadStarter 1-5
2020-11-27 17:27:17,255 INFO o.a.j.t.JMeterThread: Thread is done: registerdemo-ThreadStarter 1-3
2020-11-27 17:27:17,256 INFO o.a.j.t.JMeterThread: Thread finished: registerdemo-ThreadStarter 1-3
2020-11-27 17:27:17,256 INFO o.a.j.t.JMeterThread: Thread is done: registerdemo-ThreadStarter 1-7
2020-11-27 17:27:17,256 INFO o.a.j.t.JMeterThread: Thread finished: registerdemo-ThreadStarter 1-7
2020-11-27 17:27:17,259 INFO o.a.j.t.JMeterThread: Thread is done: registerdemo-ThreadStarter 1-9
2020-11-27 17:27:17,259 INFO o.a.j.t.JMeterThread: Thread finished: registerdemo-ThreadStarter 1-9
2020-11-27 17:27:18,236 INFO o.a.j.t.JMeterThread: Thread is done: registerdemo-ThreadStarter 1-2
2020-11-27 17:27:18,236 INFO o.a.j.t.JMeterThread: Thread finished: registerdemo-ThreadStarter 1-2
2020-11-27 17:27:18,237 INFO o.a.j.t.JMeterThread: Thread is done: registerdemo-ThreadStarter 1-4
2020-11-27 17:27:18,237 INFO o.a.j.t.JMeterThread: Thread finished: registerdemo-ThreadStarter 1-4
2020-11-27 17:27:18,289 INFO o.a.j.t.JMeterThread: Thread is done: registerdemo-ThreadStarter 1-6
2020-11-27 17:27:18,289 INFO o.a.j.t.JMeterThread: Thread finished: registerdemo-ThreadStarter 1-6
2020-11-27 17:27:18,289 INFO o.a.j.t.JMeterThread: Thread is done: registerdemo-ThreadStarter 1-8
2020-11-27 17:27:18,289 INFO o.a.j.t.JMeterThread: Thread finished: registerdemo-ThreadStarter 1-8
2020-11-27 17:27:18,289 INFO o.a.j.t.JMeterThread: Thread is done: registerdemo-ThreadStarter 1-10
2020-11-27 17:27:18,289 INFO o.a.j.t.JMeterThread: Thread finished: registerdemo-ThreadStarter 1-10
2020-11-27 17:27:18,290 INFO o.a.j.e.StandardJMeterEngine: Notifying test listeners of end of test
2020-11-27 17:27:18,297 INFO o.a.j.e.StandardJMeterEngine: Forced JVM shutdown requested at end of test
